Build started 14.07.2012 12:13:19.
     1>Project "D:\projects\workspace\spellchecker\Spell_Checker\Spell_Checker\Spell_Checker.vcxproj" on node 2 (build target(s)).
     1>InitializeBuildStatus:
         Creating "Release\Spell_Checker.unsuccessfulbuild" because "AlwaysCreate" was specified.
       ClCompile:
         C:\Program Files\Microsoft Visual Studio 10.0\VC\bin\CL.exe /c /Zi /nologo /W3 /WX- /O2 /Oi /Oy- /GL /D WIN32 /D NDEBUG /D _CONSOLE /D _UNICODE /D UNICODE /Gm- /EHsc /MD /GS /Gy /fp:precise /Zc:wchar_t /Zc:forScope /Yc"StdAfx.h" /Fp"Release\Spell_Checker.pch" /Fo"Release\\" /Fd"Release\vc100.pdb" /Gd /TP /analyze- /errorReport:prompt stdafx.cpp
         stdafx.cpp
         C:\Program Files\Microsoft Visual Studio 10.0\VC\bin\CL.exe /c /Zi /nologo /W3 /WX- /O2 /Oi /Oy- /GL /D WIN32 /D NDEBUG /D _CONSOLE /D _UNICODE /D UNICODE /Gm- /EHsc /MD /GS /Gy /fp:precise /Zc:wchar_t /Zc:forScope /Yu"StdAfx.h" /Fp"Release\Spell_Checker.pch" /Fo"Release\\" /Fd"Release\vc100.pdb" /Gd /TP /analyze- /errorReport:prompt Spell_Checker.cpp
         Spell_Checker.cpp
       Link:
         C:\Program Files\Microsoft Visual Studio 10.0\VC\bin\link.exe /ERRORREPORT:PROMPT /OUT:"D:\projects\workspace\spellchecker\Spell_Checker\Release\Spell_Checker.exe" /INCREMENTAL:NO /NOLOGO kernel32.lib user32.lib gdi32.lib winspool.lib comdlg32.lib advapi32.lib shell32.lib ole32.lib oleaut32.lib uuid.lib odbc32.lib odbccp32.lib /MANIFEST /ManifestFile:"Release\Spell_Checker.exe.intermediate.manifest" /MANIFESTUAC:"level='asInvoker' uiAccess='false'" /DEBUG /PDB:"D:\projects\workspace\spellchecker\Spell_Checker\Release\Spell_Checker.pdb" /SUBSYSTEM:CONSOLE /OPT:REF /OPT:ICF /LTCG /TLBID:1 /DYNAMICBASE /NXCOMPAT /IMPLIB:"D:\projects\workspace\spellchecker\Spell_Checker\Release\Spell_Checker.lib" /MACHINE:X86 Release\Spell_Checker.obj
         Release\stdafx.obj
         Generating code
         Finished generating code
         Spell_Checker.vcxproj -> D:\projects\workspace\spellchecker\Spell_Checker\Release\Spell_Checker.exe
       Manifest:
         C:\Program Files\Microsoft SDKs\Windows\v7.0A\bin\mt.exe /nologo /verbose /outputresource:"D:\projects\workspace\spellchecker\Spell_Checker\Release\Spell_Checker.exe;#1" /manifest Release\Spell_Checker.exe.intermediate.manifest
       FinalizeBuildStatus:
         Deleting file "Release\Spell_Checker.unsuccessfulbuild".
         Touching "Release\Spell_Checker.lastbuildstate".
     1>Done Building Project "D:\projects\workspace\spellchecker\Spell_Checker\Spell_Checker\Spell_Checker.vcxproj" (build target(s)).

Build succeeded.

Time Elapsed 00:00:09.68
